     1                                  ; The following program should read a number and print the message together with the number on the screen.
     2                                  bits 32
     3                                  global start        
     4                                  
     5                                  ; declaring extern functions used in the program
     6                                  extern exit, printf, scanf            
     7                                  import exit msvcrt.dll     
     8                                  import printf msvcrt.dll     ; indicating to the assembler that the printf fct can be found in the msvcrt.dll library
     9                                  import scanf msvcrt.dll      ; similar for scanf
    10                                                            
    11                                  segment  data use32 class=data
    12 00000000 00000000                    a dd 0
    13 00000004 00000000                    b dd 0
    14 00000008 00000000                    quotient dd 0
    15 0000000C 00000000                    remainder dd 0
    16 00000010 256420256400                format db "%d %d", 0
    17 00000016 52656164206120616E-         message1 db "Read a and b: ", 0
    17 0000001F 6420623A2000       
    18 00000025 61202F2062203D2025-         message2 db "a / b = %d with remainder %d", 0
    18 0000002E 642077697468207265-
    18 00000037 6D61696E6465722025-
    18 00000040 6400               
    19                                          
    20                                  segment  code use32 class=code
    21                                      start:
    22 00000000 68[16000000]                    push dword message1
    23 00000005 FF15[00000000]                  call [printf]
    24 0000000B 83C404                          add esp, 4
    25                                          
    26 0000000E 68[04000000]                    push dword b
    27 00000013 68[00000000]                    push dword a
    28 00000018 68[10000000]                    push dword format
    29 0000001D FF15[00000000]                  call [scanf]
    30 00000023 83C40C                          add esp, 4 * 3
    31                                          
    32 00000026 A1[00000000]                    mov eax, [a]
    33 0000002B 8B1D[04000000]                  mov ebx, [b]
    34 00000031 99                              cdq
    35 00000032 F7FB                            idiv ebx
    36                                          
    37 00000034 52                              push edx
    38 00000035 50                              push eax
    39 00000036 68[25000000]                    push dword message2
    40 0000003B FF15[00000000]                  call [printf]
    41 00000041 83C40C                          add esp, 4 * 3
    42                                          
    43                                          ; exit(0)
    44 00000044 6A00                            push  dword 0     ; push the parameter for exit on the stack
    45 00000046 FF15[00000000]                  call  [exit]       ; call exit
