     1                                  bits 32 ; assembling for the 32 bits architecture
     2                                  
     3                                  ; declare the EntryPoint (a label defining the very first instruction of the program)
     4                                  global start        
     5                                  
     6                                  ; declare external functions needed by our program
     7                                  extern exit 
     8                                  extern printf
     9                                  import printf msvcrt.dll              ; tell nasm that exit exists even if we won't be defining it
    10                                  import exit msvcrt.dll    ; exit is a function that ends the calling process. It is defined in msvcrt.dll
    11                                                            ; msvcrt.dll contains exit, printf and all the other important C-runtime specific functions
    12                                  
    13                                  ; our data is declared here (the variables needed by our program)
    14                                  segment data use32 class=data
    15 00000000 02000000                    a dd 2
    16 00000004 D4FFFFFF                    b dd -44
    17 00000008 2564202A202564203D-         format db "%d * %d = %d", 0
    17 00000011 20256400           
    18                                  
    19                                  ; our code starts here
    20                                  segment code use32 class=code
    21                                      ;Two natural numbers a and b (a, b: dword, defined in the data segment) are given.
    22                                      ;Calculate their product and display the result in the following format: "<a> * <b> = <result>". Example: "2 * 4 = 8"
    23                                      ;The values will be displayed in decimal format (base 10) with sign.
    24                                      start:
    25 00000000 A1[00000000]                    mov eax, [a]
    26 00000005 8B1D[04000000]                  mov ebx, [b]
    27 0000000B F7EB                            imul ebx
    28                                          
    29 0000000D 50                              push dword eax 
    30 0000000E FF35[04000000]                  push dword [b]
    31 00000014 FF35[00000000]                  push dword [a]
    32 0000001A 68[08000000]                    push dword format 
    33 0000001F FF15[00000000]                  call [printf]
    34 00000025 83C410                          add esp, 4 * 4
    35                                      
    36                                          ; exit(0)
    37 00000028 6A00                            push    dword 0      ; push the parameter for exit onto the stack
    38 0000002A FF15[00000000]                  call    [exit]       ; call exit to terminate the program
