     1                                  bits 32 ; assembling for the 32 bits architecture
     2                                  
     3                                  ; declare the EntryPoint (a label defining the very first instruction of the program)
     4                                  global start        
     5                                  
     6                                  ; declare external functions needed by our program
     7                                  extern exit, fprintf, fread, fclose, fopen               ; tell nasm that exit exists even if we won't be defining it
     8                                  import exit msvcrt.dll    ; exit is a function that ends the calling process. It is defined in msvcrt.dll
     9                                                            ; msvcrt.dll contains exit, printf and all the other important C-runtime specific functions
    10                                                            
    11                                  import fprintf msvcrt.dll
    12                                  import fread msvcrt.dll
    13                                  import fclose msvcrt.dll
    14                                  import fopen msvcrt.dll
    15                                  
    16                                  ; our data is declared here (the variables needed by our program)
    17                                  segment data use32 class=data
    18 00000000 696E2E74787400              file_in db "in.txt", 0
    19 00000007 6F75742E74787400            file_out db "out.txt", 0
    20 0000000F 7200                        access_r db "r", 0
    21 00000011 7700                        access_w db "w", 0
    22 00000013 5468652073756D206F-         format_w db "The sum of all the digits in the text is: %d", 0
    22 0000001C 6620616C6C20746865-
    22 00000025 206469676974732069-
    22 0000002E 6E2074686520746578-
    22 00000037 742069733A20256400 
    23 00000040 FF                          file_descriptor db -1
    24                                      len equ 100
    25 00000041 00<rept>                    text times len db 0
    26                                      
    27                                  
    28                                  ; our code starts here
    29                                  segment code use32 class=code
    30                                      start:
    31                                          ;A file name and a text (which can contain any type of character) are given in data segment.
    32                                          ;Calculate the sum of digits in the text. Create a file with the given name and write the result to file.
    33                                          ;final sum should be 46 for the given in.txt file
    34                                          
    35 00000000 68[0F000000]                    push dword access_r
    36 00000005 68[00000000]                    push dword file_in 
    37 0000000A FF15[00000000]                  call [fopen]
    38 00000010 83C408                          add esp, 4 * 2
    39                                          
    40 00000013 A3[40000000]                    mov [file_descriptor], eax
    41 00000018 83F800                          cmp eax, 0
    42 0000001B 0F8486000000                    je end
    43                                          
    44 00000021 FF35[40000000]                  push dword [file_descriptor]
    45 00000027 6A64                            push dword len 
    46 00000029 6A01                            push dword 1
    47 0000002B 68[41000000]                    push dword text
    48 00000030 FF15[00000000]                  call [fread]
    49 00000036 83C410                          add esp, 4 * 4
    50                                          
    51 00000039 89C1                            mov ecx, eax
    52 0000003B 31C0                            xor eax, eax
    53 0000003D 31DB                            xor ebx, ebx
    54 0000003F BE[41000000]                    mov esi, text
    55                                          
    56                                          add_digits:
    57 00000044 AC                                  lodsb
    58 00000045 3C30                                cmp al, '0'
    59 00000047 720C                                jb not_digit
    60 00000049 3C39                                cmp al, '9'
    61 0000004B 7708                                ja not_digit
    62                                              
    63 0000004D 2C30                                sub al, '0'
    64 0000004F 01C3                                add ebx, eax
    65 00000051 E2F1                            loop add_digits
    66 00000053 EB11                            jmp write_to_file
    67                                          
    68                                          not_digit:
    69 00000055 E2ED                                loop add_digits
    70                                          
    71 00000057 FF35[40000000]                  push dword [file_descriptor]
    72 0000005D FF15[00000000]                  call [fclose]
    73 00000063 83C404                          add esp, 4
    74                                              
    75                                          write_to_file:
    76 00000066 68[11000000]                        push dword access_w
    77 0000006B 68[07000000]                        push dword file_out
    78 00000070 FF15[00000000]                      call [fopen]
    79 00000076 83C408                              add esp, 4 * 2
    80                                              
    81 00000079 A3[40000000]                        mov [file_descriptor], eax
    82 0000007E 83F800                              cmp eax, 0
    83 00000081 7424                                je end
    84                                              
    85 00000083 53                                  push dword ebx
    86 00000084 68[13000000]                        push dword format_w
    87 00000089 FF35[40000000]                      push dword [file_descriptor]
    88 0000008F FF15[00000000]                      call [fprintf]
    89 00000095 83C40C                              add esp, 4 * 3
    90                                              
    91 00000098 FF35[40000000]                      push dword [file_descriptor]
    92 0000009E FF15[00000000]                      call [fclose]
    93 000000A4 83C404                              add esp, 4
    94                                              
    95                                          end:
    96                                          
    97                                          ; exit(0)
    98 000000A7 6A00                            push    dword 0      ; push the parameter for exit onto the stack
    99 000000A9 FF15[00000000]                  call    [exit]       ; call exit to terminate the program
