     1                                  bits 32 ; assembling for the 32 bits architecture
     2                                  
     3                                  ; declare the EntryPoint (a label defining the very first instruction of the program)
     4                                  global start        
     5                                  
     6                                  ; declare external functions needed by our program
     7                                  extern exit               ; tell nasm that exit exists even if we won't be defining it
     8                                  import exit msvcrt.dll    ; exit is a function that ends the calling process. It is defined in msvcrt.dll
     9                                                            ; msvcrt.dll contains exit, printf and all the other important C-runtime specific functions
    10                                  
    11                                  ; our data is declared here (the variables needed by our program)
    12                                  segment data use32 class=data
    13 00000000 01                          a db 1
    14 00000001 02                          b db 2
    15 00000002 03                          c db 3
    16 00000003 04                          d db 4
    17                                  
    18                                  ; our code starts here
    19                                  segment code use32 class=code
    20                                      start:
    21                                          ;d-(a+b)-c = 4 - 3 - 3 = -2 = FE
    22 00000000 A0[03000000]                    mov AL, [d]
    23 00000005 8A1D[00000000]                  mov BL, [a]
    24 0000000B 021D[01000000]                  add BL, [b]
    25 00000011 28D8                            sub AL, BL
    26 00000013 2A05[02000000]                  sub AL, [c]
    27                                          
    28                                      
    29                                          ; exit(0)
    30 00000019 6A00                            push    dword 0      ; push the parameter for exit onto the stack
    31 0000001B FF15[00000000]                  call    [exit]       ; call exit to terminate the program
