     1                                  bits 32 ; assembling for the 32 bits architecture
     2                                  
     3                                  ; declare the EntryPoint (a label defining the very first instruction of the program)
     4                                  global start        
     5                                  
     6                                  ; declare external functions needed by our program
     7                                  extern exit               ; tell nasm that exit exists even if we won't be defining it
     8                                  import exit msvcrt.dll    ; exit is a function that ends the calling process. It is defined in msvcrt.dll
     9                                                            ; msvcrt.dll contains exit, printf and all the other important C-runtime specific functions
    10                                  
    11                                  ; our data is declared here (the variables needed by our program)
    12                                  segment data use32 class=data
    13 00000000 0100                        a dw 1
    14 00000002 0200                        b dw 2
    15 00000004 0300                        c dw 3
    16 00000006 0400                        d dw 4
    17                                  
    18                                  ; our code starts here
    19                                  segment code use32 class=code
    20                                      start:
    21                                      ;b+a-(4-d+2)+c+(a-b) = 3 - 2 + 3 -1 = 3
    22 00000000 66A1[02000000]                  mov AX, [b]
    23 00000006 660305[00000000]                add AX, [a] ;b + a
    24 0000000D 6683C306                        add BX, 6
    25 00000011 662B1D[06000000]                sub BX, [d]; 6 - d
    26 00000018 668B0D[04000000]                mov CX, [c]
    27 0000001F 66030D[00000000]                add CX, [a]
    28 00000026 662B0D[02000000]                sub CX, [b] ; c + a - b
    29 0000002D 6629D8                          sub AX, BX
    30 00000030 6601C8                          add AX, CX
    31                                      
    32                                          ; exit(0)
    33 00000033 6A00                            push    dword 0      ; push the parameter for exit onto the stack
    34 00000035 FF15[00000000]                  call    [exit]       ; call exit to terminate the program
