     1                                  bits 32 ; assembling for the 32 bits architecture
     2                                  
     3                                  ; declare the EntryPoint (a label defining the very first instruction of the program)
     4                                  global start        
     5                                  
     6                                  ; declare external functions needed by our program
     7                                  extern exit               ; tell nasm that exit exists even if we won't be defining it
     8                                  import exit msvcrt.dll    ; exit is a function that ends the calling process. It is defined in msvcrt.dll
     9                                                            ; msvcrt.dll contains exit, printf and all the other important C-runtime specific functions
    10                                  
    11                                  ; our data is declared here (the variables needed by our program)
    12                                  segment data use32 class=data
    13 00000000 01                          a db 1
    14 00000001 02                          b db 2
    15 00000002 03                          c db 3
    16 00000003 0400                        d dw 4
    17                                  
    18                                  ; our code starts here
    19                                  segment code use32 class=code
    20                                      start:
    21                                          ;[(a-b)*3+c*2]-d = -3 + 6 - 4 = -1 = FFFF
    22 00000000 A0[00000000]                    mov AL, [a]
    23 00000005 2A05[01000000]                  sub AL, [b]
    24 0000000B B400                            mov AH, 0
    25 0000000D B103                            mov CL, 3
    26 0000000F F6E9                            imul CL
    27 00000011 8A1D[02000000]                  mov BL, [c]
    28 00000017 021D[02000000]                  add BL, [c]
    29 0000001D B700                            mov BH, 0
    30 0000001F 6601D8                          add AX, BX
    31 00000022 662B05[03000000]                sub AX, [d]        
    32                                      
    33                                          ; exit(0)
    34 00000029 6A00                            push    dword 0      ; push the parameter for exit onto the stack
    35 0000002B FF15[00000000]                  call    [exit]       ; call exit to terminate the program
