     1                                  bits 32 ; assembling for the 32 bits architecture
     2                                  
     3                                  ; declare the EntryPoint (a label defining the very first instruction of the program)
     4                                  global start        
     5                                  
     6                                  ; declare external functions needed by our program
     7                                  extern exit               ; tell nasm that exit exists even if we won't be defining it
     8                                  import exit msvcrt.dll    ; exit is a function that ends the calling process. It is defined in msvcrt.dll
     9                                                            ; msvcrt.dll contains exit, printf and all the other important C-runtime specific functions
    10                                  
    11                                  ; our data is declared here (the variables needed by our program)
    12                                  segment data use32 class=data
    13 00000000 03                          a db 3
    14 00000001 0200                        b dw 2
    15 00000003 05000000                    c dd 5
    16 00000007 0200000000000000            d dq 2
    17                                      ; 03 0002 00000005 0000000000000002
    18                                  
    19                                  ; our code starts here
    20                                  segment code use32 class=code
    21                                      start:
    22                                          ;(a-b)+(c-b-d)+d = a - b + c - b = 1 + 3 = 4
    23 00000000 B800000000                      mov EAX, 0
    24 00000005 A0[00000000]                    mov AL, [a]
    25 0000000A B400                            mov AH, 0
    26 0000000C 668B1D[01000000]                mov BX, [b]
    27 00000013 6629D8                          sub AX, BX ;AX = a - b = EAX
    28                                          
    29 00000016 8B1D[03000000]                  mov EBX, [c]
    30 0000001C B900000000                      mov ECX, 0
    31 00000021 668B0D[01000000]                mov CX, [b]
    32 00000028 29CB                            sub EBX, ECX ;ECX = c - b
    33 0000002A 01C3                            add EBX, EAX ;EBX = a - b + c - b
    34                                          
    35 0000002C A1[0B000000]                    mov EAX, [d + 4]
    36 00000031 8B15[07000000]                  mov EDX, [d]
    37 00000037 29D3                            sub EBX, EDX
    38 00000039 83D800                          sbb EAX, 0 ; EAX:EDX = a - b + c - b - d
    39                                          
    40 0000003C 0315[07000000]                  add EDX, [d]
    41 00000042 1305[0B000000]                  adc EAX, [d + 4]; EAX:EDX = a - b + c - b - d + d = 0000000000000004h
    42                                              
    43                                          ; exit(0)
    44 00000048 6A00                            push    dword 0      ; push the parameter for exit onto the stack
    45 0000004A FF15[00000000]                  call    [exit]       ; call exit to terminate the program
