     1                                  bits 32 ; assembling for the 32 bits architecture
     2                                  
     3                                  ; declare the EntryPoint (a label defining the very first instruction of the program)
     4                                  global start        
     5                                  
     6                                  ; declare external functions needed by our program
     7                                  extern exit               ; tell nasm that exit exists even if we won't be defining it
     8                                  import exit msvcrt.dll    ; exit is a function that ends the calling process. It is defined in msvcrt.dll
     9                                                            ; msvcrt.dll contains exit, printf and all the other important C-runtime specific functions
    10                                  
    11                                  ; our data is declared here (the variables needed by our program)
    12                                  segment data use32 class=data
    13 00000000 01                          a db 1
    14 00000001 0100                        b dw 1
    15 00000003 03000000                    c dd 3
    16 00000007 0600000000000000            d dq 6
    17                                      ; 01 0001 00000003 0000000000000006
    18                                  
    19                                  ; our code starts here
    20                                  segment code use32 class=code
    21                                      start:
    22                                          ;(d+d)-(a+a)-(b+b)-(c+c) = 12 - 2 - 2 - 6 = 2
    23 00000000 A1[07000000]                    mov eax, [d]
    24 00000005 8B15[0B000000]                  mov edx, [d + 4] ;edx:eax = d 
    25 0000000B 01C0                            add eax, eax
    26 0000000D 11D2                            adc edx, edx ;edx:eax = d + d 
    27                                          
    28 0000000F 2A05[00000000]                  sub al, [a]
    29 00000015 80DC00                          sbb ah, 0
    30 00000018 2A05[00000000]                  sub al, [a]
    31 0000001E 80DC00                          sbb ah, 0 ;edx:eax = d + d - (a + a)
    32                                          
    33 00000021 BB00000000                      mov ebx, 0
    34 00000026 B900000000                      mov ecx, 0
    35 0000002B 668B1D[01000000]                mov bx, [b]
    36 00000032 66031D[01000000]                add bx, [b]
    37 00000039 6683D100                        adc cx, 0 ;CX:BX = b + b
    38 0000003D 29D8                            sub eax, ebx
    39 0000003F 19CA                            sbb edx, ecx; edx = d + d - (a + a) - (b + b)
    40                                          
    41 00000041 2B05[03000000]                  sub eax, [c]
    42 00000047 83DA00                          sbb edx, 0
    43 0000004A 2B05[03000000]                  sub eax, [c]
    44 00000050 83DA00                          sbb edx, 0 ;edx:eax = d + d - (a + a) - (b + b) - (c + c)
    45                                          
    46                                          ; exit(0)
    47 00000053 6A00                            push    dword 0      ; push the parameter for exit onto the stack
    48 00000055 FF15[00000000]                  call    [exit]       ; call exit to terminate the program
