     1                                  bits 32 ; assembling for the 32 bits architecture
     2                                  
     3                                  ; declare the EntryPoint (a label defining the very first instruction of the program)
     4                                  global start        
     5                                  
     6                                  ; declare external functions needed by our program
     7                                  extern exit               ; tell nasm that exit exists even if we won't be defining it
     8                                  import exit msvcrt.dll    ; exit is a function that ends the calling process. It is defined in msvcrt.dll
     9                                                            ; msvcrt.dll contains exit, printf and all the other important C-runtime specific functions
    10                                  
    11                                  ; our data is declared here (the variables needed by our program)
    12                                  segment data use32 class=data
    13 00000000 03                          a db 3 
    14 00000001 0500                        b dw 5
    15 00000003 08000000                    c dd 8
    16 00000007 0A00000000000000            d dq 0Ah
    17                                      ;01 0001 00000003 0000000000000006
    18                                  ; our code starts here
    19                                  segment code use32 class=code
    20                                      start:
    21                                          ; (b+b)-c-(a+d) = 10 - 8 - 13 = -11
    22                                          
    23 00000000 8B0D[03000000]                  mov ecx, [c] 
    24 00000006 F7D9                            neg ecx ;-c
    25                                          
    26 00000008 BB00000000                      mov ebx, 0
    27 0000000D 668B1D[01000000]                mov bx, [b] 
    28                                          
    29 00000014 01D9                            add ecx, ebx 
    30 00000016 01D9                            add ecx, ebx ;ecx = b + b - c 
    31                                          
    32 00000018 A1[07000000]                    mov eax, [d]
    33 0000001D 8B15[0B000000]                  mov edx, [d + 4]; edx:eax = d 
    34 00000023 0205[00000000]                  add al, [a]
    35 00000029 80D400                          adc ah, 0
    36                                          ;edx:eax = d + a
    37                                          
    38 0000002C BB00000000                      mov ebx, 0 ;ebx:ecx = quadoword
    39 00000031 29C1                            sub ecx, eax
    40 00000033 83DB00                          sbb ebx, 0
    41 00000036 29D3                            sub ebx, edx ; ecx = b + b - c - (a + d)
    42                                          
    43                                          ; exit(0)
    44 00000038 6A00                            push    dword 0      ; push the parameter for exit onto the stack
    45 0000003A FF15[00000000]                  call    [exit]       ; call exit to terminate the program
