     1                                  bits 32 ; assembling for the 32 bits architecture
     2                                  
     3                                  ; declare the EntryPoint (a label defining the very first instruction of the program)
     4                                  global start        
     5                                  
     6                                  ; declare external functions needed by our program
     7                                  extern exit               ; tell nasm that exit exists even if we won't be defining it
     8                                  import exit msvcrt.dll    ; exit is a function that ends the calling process. It is defined in msvcrt.dll
     9                                                            ; msvcrt.dll contains exit, printf and all the other important C-runtime specific functions
    10                                  
    11                                  ; our data is declared here (the variables needed by our program)
    12                                  segment data use32 class=data
    13 00000000 03                          a db 3 
    14 00000001 0500                        b dw 5
    15 00000003 08000000                    c dd 8
    16 00000007 0A00000000000000            d dq 0Ah
    17                                  
    18                                  ; our code starts here
    19                                  segment code use32 class=code
    20                                      start:
    21                                          ; (d+a)-(c-b)-(b-a)+(c+d) = d + a + a + d = d + d + a + a = 20 + 6 = 26
    22                                          
    23 00000000 A1[07000000]                    mov eax, [d]
    24 00000005 8B15[0B000000]                  mov edx, [d + 4] ;edx:eax = d 
    25                                          
    26 0000000B 0305[07000000]                  add eax, [d]
    27 00000011 83D200                          adc edx, 0
    28 00000014 0315[0B000000]                  add edx, [d + 4]
    29                                          
    30 0000001A 0205[00000000]                  add al, [a]
    31 00000020 80D400                          adc ah, 0
    32 00000023 0205[00000000]                  add al, [a]
    33 00000029 80D400                          adc ah, 0
    34                                          
    35                                          ; exit(0)
    36 0000002C 6A00                            push    dword 0      ; push the parameter for exit onto the stack
    37 0000002E FF15[00000000]                  call    [exit]       ; call exit to terminate the program
