     1                                  bits 32 ; assembling for the 32 bits architecture
     2                                  
     3                                  ; declare the EntryPoint (a label defining the very first instruction of the program)
     4                                  global start        
     5                                  
     6                                  ; declare external functions needed by our program
     7                                  extern exit               ; tell nasm that exit exists even if we won't be defining it
     8                                  import exit msvcrt.dll    ; exit is a function that ends the calling process. It is defined in msvcrt.dll
     9                                                            ; msvcrt.dll contains exit, printf and all the other important C-runtime specific functions
    10                                  
    11                                  ; our data is declared here (the variables needed by our program)
    12                                  segment data use32 class=data
    13 00000000 0200                        a dw 2
    14 00000002 02                          b db 2
    15 00000003 05                          c db 5
    16 00000004 03                          d db 3
    17 00000005 04000000                    e dd 4
    18 00000009 0400000000000000            x dq 4
    19                                  
    20                                  ; our code starts here
    21                                  segment code use32 class=code
    22                                      start:
    23                                          ;(a*2+b/2+e)/(c-d)+x/a = (4 + 1 + 4) / 2 + 2 = 4 + 2 = 6, r = 1
    24 00000000 BA00000000                      mov edx, 0
    25 00000005 66B80200                        mov ax, 2
    26 00000009 668B15[00000000]                mov dx, [a]
    27 00000010 66F7E2                          mul dx ;dx:ax = 2 * a
    28 00000013 6689C1                          mov cx, ax ;dx:cx = 2 * a
    29                                          
    30 00000016 A0[02000000]                    mov al, [b]
    31 0000001B B400                            mov ah, 0 ;ax = b
    32 0000001D B302                            mov bl, 2
    33 0000001F F6F3                            div bl ;al = ax / 2 = b / 2, ah = ax % 2
    34 00000021 88C3                            mov bl, al
    35                                          
    36 00000023 6689C8                          mov ax, cx
    37 00000026 00D8                            add al, bl
    38 00000028 80D400                          adc ah, 0 ;dx:ax = 2 * a + b / 2
    39                                          
    40 0000002B 660305[05000000]                add ax, [e] ;lower part
    41 00000032 661315[07000000]                adc dx, [e+2] ;higher part 
    42                                          ;dx:ax = a * 2 + b / 2 + e = 9
    43                                          
    44 00000039 B700                            mov bh, 0
    45 0000003B 8A1D[03000000]                  mov bl, [c]
    46 00000041 2A1D[04000000]                  sub bl, [d]
    47 00000047 80DF00                          sbb bh, 0 ;bx = c - d
    48                                          
    49 0000004A 66F7F3                          div bx ;ax = (a*2+b/2+e)/(c-d) = 4, dx = (a*2+b/2+e) % (c - d) = 1
    50                                          
    51 0000004D BB00000000                      mov ebx, 0
    52 00000052 6689C3                          mov bx, ax 
    53 00000055 A1[09000000]                    mov eax, [x]
    54 0000005A 8B15[0D000000]                  mov edx, [x + 4]
    55 00000060 B900000000                      mov ecx, 0
    56 00000065 668B0D[00000000]                mov cx, [a]
    57 0000006C F7F1                            div ecx ;eax = x/a, edx = x % a, eax = 2, edx = 0
    58                                          
    59 0000006E 01D8                            add eax, ebx; eax = (a*2+b/2+e)/(c-d)+x/a = 6
    60                                          
    61                                          ; exit(0)
    62 00000070 6A00                            push    dword 0      ; push the parameter for exit onto the stack
    63 00000072 FF15[00000000]                  call    [exit]       ; call exit to terminate the program
