     1                                  bits 32 ; assembling for the 32 bits architecture
     2                                  
     3                                  ; declare the EntryPoint (a label defining the very first instruction of the program)
     4                                  global start        
     5                                  
     6                                  ; declare external functions needed by our program
     7                                  extern exit               ; tell nasm that exit exists even if we won't be defining it
     8                                  import exit msvcrt.dll    ; exit is a function that ends the calling process. It is defined in msvcrt.dll
     9                                                            ; msvcrt.dll contains exit, printf and all the other important C-runtime specific functions
    10                                  
    11                                  ; our data is declared here (the variables needed by our program)
    12                                  segment data use32 class=data
    13 00000000 FF                          a db -1
    14 00000001 FE                          b db -2
    15 00000002 03                          c db 3
    16 00000003 04000000                    e dd 4
    17 00000007 FBFFFFFFFFFFFFFF            x dq -5
    18                                  
    19                                  ; our code starts here
    20                                  segment code use32 class=code
    21                                      start:
    22                                          ;(a+a+b*c*100+x)/(a+10)+e*a = (-2 - 600 - 5) / 9 - 4 = -67 - 4 = -71 = B9
    23                                          
    24 00000000 B800000000                      mov eax, 0
    25 00000005 BA00000000                      mov edx, 0
    26                                          
    27 0000000A A0[01000000]                    mov al, [b]
    28 0000000F 6698                            cbw
    29 00000011 8A1D[02000000]                  mov bl, [c]
    30 00000017 F6EB                            imul bl ;dx:ax = ax * bx = b * c
    31 00000019 66BB6400                        mov bx, 100
    32 0000001D 66F7EB                          imul bx ;dx:ax = ax * bx = b * c * 100
    33                                          
    34 00000020 0205[00000000]                  add al, [a]
    35 00000026 0205[00000000]                  add al, [a]
    36                                          ;dx:ax = a + a + b * c * 100
    37                                          
    38 0000002C 0305[07000000]                  add eax, [x]
    39 00000032 99                              cdq
    40 00000033 1315[0B000000]                  adc edx, [x + 4]
    41                                          ;edx:eax = a + a + b * c * 100 + x
    42                                          
    43 00000039 BB00000000                      mov ebx, 0
    44 0000003E 8A1D[00000000]                  mov bl, [a]
    45 00000044 80C30A                          add bl, 10
    46 00000047 80D700                          adc bh, 0 ;ebx = (a + 10)
    47                                          
    48 0000004A F7FB                            idiv ebx ; eax = edx:eax / ebx = (a + a + b * c * 100 + x) / (a + 10) = 37h, edx = (a + a + b * c * 100 + x) % (a + 10) = 2
    49                                          
    50 0000004C 89C3                            mov ebx, eax
    51 0000004E A1[03000000]                    mov eax, [e]
    52 00000053 B900000000                      mov ecx, 0
    53 00000058 8A0D[00000000]                  mov cl, [a]
    54 0000005E F7E9                            imul ecx; edx:eax = eax * ecx = e * a = 4
    55                                          
    56 00000060 01D8                            add eax, ebx
    57 00000062 83D200                          adc edx, 0
    58                                          
    59                                          ; exit(0)
    60 00000065 6A00                            push    dword 0      ; push the parameter for exit onto the stack
    61 00000067 FF15[00000000]                  call    [exit]       ; call exit to terminate the program
