     1                                  bits 32 ; assembling for the 32 bits architecture
     2                                  
     3                                  ; declare the EntryPoint (a label defining the very first instruction of the program)
     4                                  global start        
     5                                  
     6                                  ; declare external functions needed by our program
     7                                  extern exit               ; tell nasm that exit exists even if we won't be defining it
     8                                  import exit msvcrt.dll    ; exit is a function that ends the calling process. It is defined in msvcrt.dll
     9                                                            ; msvcrt.dll contains exit, printf and all the other important C-runtime specific functions
    10                                  
    11                                  ; our data is declared here (the variables needed by our program)
    12                                  segment data use32 class=data
    13 00000000 01                          a db 1
    14 00000001 02                          b db 2
    15 00000002 03                          c db 3
    16 00000003 04000000                    e dd 4
    17 00000007 0500000000000000            x dq 5
    18                                  
    19                                  ; our code starts here
    20                                  segment code use32 class=code
    21                                      start:
    22                                          ;(a+a+b*c*100+x)/(a+10)+e*a = (2 + 600 + 5) / 11 + 4 = 55 + 4 = 59 = 3B, r = 2
    23                                          
    24 00000000 B800000000                      mov eax, 0
    25 00000005 BA00000000                      mov edx, 0
    26                                          
    27 0000000A A0[01000000]                    mov al, [b]
    28 0000000F 8A1D[02000000]                  mov bl, [c]
    29 00000015 F6E3                            mul bl ;ax = al * bl = b * c
    30 00000017 66BB6400                        mov bx, 100
    31 0000001B 66F7E3                          mul bx ;dx:ax = ax * bx = b * c * 100
    32                                          
    33 0000001E 0205[00000000]                  add al, [a]
    34 00000024 80D400                          adc ah, 0
    35 00000027 0205[00000000]                  add al, [a]
    36 0000002D 80D400                          adc ah, 0
    37                                          ;dx:ax = a + a + b * c * 100
    38                                          
    39 00000030 0305[07000000]                  add eax, [x]
    40 00000036 1315[0B000000]                  adc edx, [x + 4]
    41                                          ;edx:eax = a + a + b * c * 100 + x
    42                                          
    43 0000003C BB00000000                      mov ebx, 0
    44 00000041 8A1D[00000000]                  mov bl, [a]
    45 00000047 80C30A                          add bl, 10
    46 0000004A 80D700                          adc bh, 0 ;ebx = (a + 10)
    47                                          
    48 0000004D F7F3                            div ebx ; eax = edx:eax / ebx = (a + a + b * c * 100 + x) / (a + 10) = 37h, edx = (a + a + b * c * 100 + x) % (a + 10) = 2
    49                                          
    50 0000004F 89C3                            mov ebx, eax
    51 00000051 A1[03000000]                    mov eax, [e]
    52 00000056 B900000000                      mov ecx, 0
    53 0000005B 8A0D[00000000]                  mov cl, [a]
    54 00000061 F7E1                            mul ecx; edx:eax = eax * ecx = e * a = 4
    55                                          
    56 00000063 01D8                            add eax, ebx
    57 00000065 83D200                          adc edx, 0
    58                                          
    59                                          ; exit(0)
    60 00000068 6A00                            push    dword 0      ; push the parameter for exit onto the stack
    61 0000006A FF15[00000000]                  call    [exit]       ; call exit to terminate the program
